<?xml version="1.0" encoding="UTF-8"?>
<!-- Generated by org.testng.reporters.JUnitReportReporter -->
<testsuite skipped="0" hostname="DESKTOP-AL48GE9" name="test.TestSampleHtml" tests="1" failures="0" timestamp="27 May 2020 11:57:17 GMT" time="22.454" errors="0">
  <testcase name="run" time="22.454" classname="test.TestSampleHtml"/>
</testsuite> <!-- test.TestSampleHtml -->
